Top Sending trial code to rhysdevine+111@gmail.com
Top Sending trial code to rhysdevine@gmail.com
Top Sending trial code to rhysdevine+1212@gmail.com
Top Sending trial code to rhysdevine+100@gmail.com
Top Sending trial code to rhysdevine+10@gmail.com
Top Sending trial code to rhysdevine+91@gmail.com
Top Sending trial code to rhysdevine+93@gmail.com
Top Sending trial code to rhysdevine+101@gmail.com
Top Sending trial code to rhysdevine+102@gmail.com
Top Sending trial code to rhysdevine+103@gmail.com
Top Sending trial code to rhysdevine+105@gmail.com
Top Sending trial code to rhysdevine+106@gmail.com
Top Sending trial code to rhysdevine+108@gmail.com
Top Sending trial code to rhysdevine+200@gmail.com
Top Sending trial code to rhysdevine+300@gmail.com
Top Sending trial code to rhysdevine+500@gmail.com
Top Sending trial code to rhysbusiness@live.com
Top Sending trial code to info@classermedia.com
Top Sending trial code to rhysdevine@gmail.com
Top Sending trial code to rhysdevine+100@gmail.com
Top Sending trial code to rhysdevine+122@gmail.com
Top Sending trial code to rhysdevine+1@gmail.com
Top Sending trial code to rhysdevine+21@gmail.com
Top Sending trial code to rhysdevine+110@gmail.com
Top Sending trial code to rhysdevine+2@gmail.com
Top Sending trial code to rhysdevine+20@gmail.com
Top Sending trial code to info+1@classermedia.com
Top Sending trial code to mr.ryan.devine@gmail.com
Top Sending trial code to mr.ryan.devine@gmail.com
Top Sending trial code to rhysdevine+111@gmail.com
Top Sending trial code to rhys@gmail.com
Top Sending trial code to rhys@gmail.com
Top Sending trial code to rhys@gmail.com
Top Sending trial code to rhys@gmail.com
Top Sending trial code to rhys@gmail.com
Top Sending trial code to rhys+s90bkg@gmail.com

   ErrorException 

  Attempt to read property "email" on array

  at app/Http/Controllers/MailSenderController.php:27
     23▕      * Send an email to a user who has not logged in yet.
     24▕      */
     25▕     static public function sendTrialCode($user)
     26▕     {
  ➜  27▕         Mail::to($user->email)->send(
     28▕             new WelcomeEmail($user)
     29▕         );
     30▕     }
     31▕

  1   app/Http/Controllers/MailSenderController.php:27
      Illuminate\Foundation\Bootstrap\HandleExceptions::Illuminate\Foundation\Bootstrap\{closure}()

  2   app/Console/Commands/SendTrialCode.php:46
      App\Http\Controllers\MailSenderController::sendTrialCode()

Top Sending trial code to rhys+s90bkg@gmail.com

   ErrorException 

  Attempt to read property "email" on array

  at app/Http/Controllers/MailSenderController.php:27
     23▕      * Send an email to a user who has not logged in yet.
     24▕      */
     25▕     static public function sendTrialCode($user)
     26▕     {
  ➜  27▕         Mail::to($user->email)->send(
     28▕             new WelcomeEmail($user)
     29▕         );
     30▕     }
     31▕

  1   app/Http/Controllers/MailSenderController.php:27
      Illuminate\Foundation\Bootstrap\HandleExceptions::Illuminate\Foundation\Bootstrap\{closure}()

  2   app/Console/Commands/SendTrialCode.php:46
      App\Http\Controllers\MailSenderController::sendTrialCode()

Top Sending trial code to rhys+s90bkg@gmail.com

   Error 

  Call to a member function toArray() on array

  at app/Mail/WelcomeEmail.php:21
     17▕      * Create a new message instance.
     18▕      */
     19▕     public function __construct(public $data)
     20▕     {
  ➜  21▕         $this->data = $data->toArray();
     22▕     }
     23▕ 
     24▕     /**
     25▕      * Get the message envelope.

  1   app/Http/Controllers/MailSenderController.php:28
      App\Mail\WelcomeEmail::__construct()

  2   app/Console/Commands/SendTrialCode.php:46
      App\Http\Controllers\MailSenderController::sendTrialCode()

Top Sending trial code to rhys+s90bkg@gmail.com

   Error 

  Call to a member function toArray() on array

  at app/Mail/WelcomeEmail.php:21
     17▕      * Create a new message instance.
     18▕      */
     19▕     public function __construct(public $data)
     20▕     {
  ➜  21▕         $this->data = $data->toArray();
     22▕     }
     23▕ 
     24▕     /**
     25▕      * Get the message envelope.

  1   app/Http/Controllers/MailSenderController.php:28
      App\Mail\WelcomeEmail::__construct()

  2   app/Console/Commands/SendTrialCode.php:46
      App\Http\Controllers\MailSenderController::sendTrialCode()

Top Sending trial code to rhys+s90bkg@gmail.com

   Error 

  Call to a member function toArray() on array

  at app/Mail/WelcomeEmail.php:21
     17▕      * Create a new message instance.
     18▕      */
     19▕     public function __construct(public $data)
     20▕     {
  ➜  21▕         $this->data = $data->toArray();
     22▕     }
     23▕ 
     24▕     /**
     25▕      * Get the message envelope.

  1   app/Http/Controllers/MailSenderController.php:28
      App\Mail\WelcomeEmail::__construct()

  2   app/Console/Commands/SendTrialCode.php:46
      App\Http\Controllers\MailSenderController::sendTrialCode()

Top Sending trial code to rhys+s90bkg@gmail.com

   Illuminate\View\ViewException 

  Undefined array key "name" (View: /var/www/html/resources/views/emails/trial.blade.php)

  at storage/framework/views/f732b89e1f93e40c086b1032b2b6ace7.php:253
    249▕                                                                         <p
    250▕                                                                             style="margin: 0; font-size: 16px; text-align: center; mso-line-height-alt: 19.2px;">
    251▕                                                                             <span
    252▕                                                                                 style="font-size:30px;color:#0A404D;"><strong>Welcome
  ➜ 253▕                                                                                     <?php echo e($data['name']); ?></strong></span>
    254▕                                                                         </p>
    255▕                                                                     </div>
    256▕                                                                 </div>
    257▕                                                             </td>

      [2m+1 vendor frames [22m

  2   storage/framework/views/f732b89e1f93e40c086b1032b2b6ace7.php:253
      ErrorException::("Undefined array key "name"")

  3   storage/framework/views/f732b89e1f93e40c086b1032b2b6ace7.php:253
      Illuminate\Foundation\Bootstrap\HandleExceptions::Illuminate\Foundation\Bootstrap\{closure}()

Top Sending trial code to rhys+s90bkg@gmail.com
Top Sending trial code to rhys+mgztq@gmail.com
Top Sending trial code to rhys+8qtye@gmail.com
Top Sending trial code to rhys+jahew@gmail.com
Top Sending trial code to rhys+0bz2ai@gmail.com
Top Sending trial code to rhys+rtl43@gmail.com
Top Sending trial code to rhys+iqzxj@gmail.com
Top Sending trial code to rhysdevine@gmail.com
Top Sending trial code to rhysdevine@gmail.com
2023-12-01 00:07:502023-12-01 00:07:572023-12-01 00:08:212023-12-01 00:08:302023-12-01 00:08:402023-12-01 00:09:442023-12-01 00:13:002023-12-01 00:14:412023-12-01 00:19:192023-12-01 00:19:292023-12-01 00:19:482023-12-01 00:23:442023-12-01 00:24:012023-12-01 00:25:172023-12-01 00:25:282023-12-01 00:29:252023-12-01 00:30:032023-12-01 00:36:312023-12-01 11:07:062023-12-01 11:09:072023-12-01 11:09:592023-12-01 11:10:072023-12-01 11:11:282023-12-01 21:58:132023-12-01 21:59:312023-12-01 21:59:452023-12-01 22:03:002023-12-01 22:03:182023-12-01 22:04:062023-12-01 22:04:302023-12-01 22:04:572023-12-01 22:05:222023-12-01 22:08:022023-12-01 22:10:192023-12-01 22:11:282023-12-01 22:12:242023-12-01 22:13:162023-12-01 22:14:062023-12-01 22:15:242023-12-01 22:16:242023-12-01 22:18:562023-12-01 22:50:462023-12-01 23:08:012023-12-01 23:09:002023-12-01 23:10:002023-12-01 23:11:002023-12-01 23:12:002023-12-01 23:13:002023-12-01 23:14:002023-12-01 23:15:002023-12-01 23:16:002023-12-01 23:17:002023-12-01 23:18:002023-12-01 23:19:002023-12-01 23:20:002023-12-01 23:21:002023-12-01 23:22:002023-12-01 23:23:002023-12-01 23:24:002023-12-01 23:25:002023-12-01 23:26:002023-12-01 23:27:002023-12-01 23:28:002023-12-01 23:29:002023-12-01 23:30:002023-12-01 23:31:002023-12-01 23:32:002023-12-01 23:33:002023-12-01 23:34:002023-12-01 23:35:002023-12-01 23:36:002023-12-01 23:37:002023-12-01 23:38:002023-12-01 23:39:002023-12-01 23:40:002023-12-01 23:41:002023-12-01 23:42:002023-12-01 23:43:002023-12-01 23:44:012023-12-01 23:45:002023-12-01 23:46:002023-12-01 23:47:002023-12-01 23:48:002023-12-01 23:49:002023-12-01 23:50:002023-12-01 23:51:002023-12-01 23:52:002023-12-01 23:53:002023-12-01 23:54:002023-12-01 23:55:002023-12-01 23:56:002023-12-01 23:57:002023-12-01 23:58:002023-12-01 23:59:002023-12-02 00:00:012023-12-02 00:01:002023-12-02 00:02:002023-12-02 00:03:002023-12-02 00:04:002023-12-02 00:05:002023-12-02 00:06:002023-12-02 00:07:002023-12-02 00:08:002023-12-02 00:09:002023-12-02 00:10:002023-12-02 00:11:002023-12-02 00:12:002023-12-02 00:13:002023-12-02 00:14:002023-12-02 00:15:002023-12-02 00:16:002023-12-02 00:17:002023-12-02 00:18:002023-12-02 00:19:002023-12-02 00:20:002023-12-02 00:21:002023-12-02 00:22:002023-12-02 00:23:002023-12-02 00:24:012023-12-02 00:25:002023-12-02 00:26:002023-12-02 00:27:002023-12-02 00:28:002023-12-02 00:29:002023-12-02 00:30:002023-12-02 00:31:002023-12-02 00:32:002023-12-02 00:33:002023-12-02 00:34:002023-12-02 00:35:002023-12-02 00:36:002023-12-02 00:37:002023-12-02 00:38:002023-12-02 00:39:002023-12-02 00:40:002023-12-02 00:41:002023-12-02 00:42:002023-12-02 00:43:002023-12-02 00:44:002023-12-02 00:45:002023-12-02 00:46:002023-12-02 00:47:002023-12-02 00:48:002023-12-02 00:49:002023-12-02 00:50:002023-12-02 00:51:002023-12-02 00:52:002023-12-02 00:53:002023-12-02 00:54:002023-12-02 00:55:002023-12-02 00:56:002023-12-02 00:57:002023-12-02 00:58:002023-12-02 00:59:002023-12-02 01:00:002023-12-02 01:01:002023-12-02 01:02:002023-12-02 01:03:002023-12-02 01:04:002023-12-02 01:05:002023-12-02 01:06:002023-12-02 01:07:002023-12-02 01:08:002023-12-02 01:09:002023-12-02 01:10:002023-12-02 01:11:002023-12-02 01:12:002023-12-02 01:13:002023-12-02 01:14:002023-12-02 01:15:002023-12-02 01:16:002023-12-02 01:17:002023-12-02 01:18:002023-12-02 01:19:002023-12-02 01:20:002023-12-02 01:21:002023-12-02 01:22:002023-12-02 01:23:002023-12-02 01:24:002023-12-02 01:25:002023-12-02 01:26:002023-12-02 01:27:002023-12-02 01:28:012023-12-02 01:29:002023-12-02 01:30:002023-12-02 01:31:012023-12-02 01:32:002023-12-02 01:33:002023-12-02 01:34:002023-12-02 01:35:002023-12-02 01:36:002023-12-02 01:37:002023-12-02 01:38:002023-12-02 01:39:002023-12-02 01:40:002023-12-02 01:41:002023-12-02 01:42:002023-12-02 01:43:002023-12-02 01:44:002023-12-02 01:45:012023-12-02 01:46:002023-12-02 01:47:012023-12-02 01:48:002023-12-02 01:49:012023-12-02 01:50:002023-12-02 01:51:002023-12-02 01:52:002023-12-02 01:53:002023-12-02 01:54:002023-12-02 01:55:002023-12-02 01:56:012023-12-02 01:57:012023-12-02 01:58:002023-12-02 01:59:012023-12-02 02:00:002023-12-02 02:01:002023-12-02 02:02:002023-12-02 02:03:002023-12-02 02:04:002023-12-02 02:05:002023-12-02 02:06:012023-12-02 02:07:002023-12-02 02:08:002023-12-02 02:09:002023-12-02 02:10:002023-12-02 02:11:002023-12-02 02:12:002023-12-02 02:13:002023-12-02 02:14:002023-12-02 02:15:002023-12-02 02:16:002023-12-02 02:17:002023-12-02 02:18:002023-12-02 02:19:002023-12-02 02:20:002023-12-02 02:21:002023-12-02 02:22:012023-12-02 02:23:002023-12-02 02:24:002023-12-02 02:25:002023-12-02 02:26:002023-12-02 02:27:002023-12-02 02:28:002023-12-02 02:29:002023-12-02 02:30:002023-12-02 02:31:002023-12-02 02:32:002023-12-02 02:33:002023-12-02 02:34:002023-12-02 02:35:002023-12-02 02:36:002023-12-02 02:37:002023-12-02 02:38:002023-12-02 02:39:002023-12-02 02:40:002023-12-02 02:41:002023-12-02 02:42:002023-12-02 02:43:002023-12-02 02:44:002023-12-02 02:45:002023-12-02 02:46:002023-12-02 02:47:002023-12-02 02:48:002023-12-02 02:49:002023-12-02 02:50:002023-12-02 02:51:002023-12-02 02:52:012023-12-02 02:53:002023-12-02 02:54:002023-12-02 02:55:002023-12-02 02:56:002023-12-02 02:57:002023-12-02 02:58:002023-12-02 02:59:002023-12-02 03:00:002023-12-02 03:01:002023-12-02 03:02:002023-12-02 03:03:002023-12-02 03:04:002023-12-02 03:05:002023-12-02 03:06:002023-12-02 03:07:002023-12-02 03:08:002023-12-02 03:09:002023-12-02 03:10:002023-12-02 03:11:002023-12-02 03:12:002023-12-02 03:13:002023-12-02 03:14:002023-12-02 03:15:002023-12-02 03:16:002023-12-02 03:17:002023-12-02 03:19:012023-12-02 03:20:002023-12-02 03:21:002023-12-02 03:22:002023-12-02 03:23:002023-12-02 03:24:062023-12-02 03:25:002023-12-02 03:26:002023-12-02 03:27:002023-12-02 03:28:002023-12-02 03:29:012023-12-02 03:30:002023-12-02 03:31:002023-12-02 03:32:002023-12-02 03:33:002023-12-02 03:34:002023-12-02 03:35:002023-12-02 03:36:002023-12-02 03:37:002023-12-02 03:38:002023-12-02 03:39:002023-12-02 03:40:002023-12-02 03:41:002023-12-02 03:42:002023-12-02 03:43:002023-12-02 03:44:012023-12-02 03:45:002023-12-02 03:46:002023-12-02 03:47:002023-12-02 03:48:002023-12-02 03:49:002023-12-02 03:50:002023-12-02 03:51:002023-12-02 03:52:002023-12-02 03:53:002023-12-02 03:54:002023-12-02 03:55:002023-12-02 03:56:002023-12-02 03:57:002023-12-02 03:58:002023-12-02 03:59:002023-12-02 04:00:012023-12-02 04:01:002023-12-02 04:02:002023-12-02 04:03:002023-12-02 04:04:002023-12-02 04:05:002023-12-02 04:06:002023-12-02 04:07:002023-12-02 04:08:002023-12-02 04:09:002023-12-02 04:10:002023-12-02 04:11:002023-12-02 04:12:002023-12-02 04:13:002023-12-02 04:14:002023-12-02 04:15:002023-12-02 04:16:002023-12-02 04:17:002023-12-02 04:18:002023-12-02 04:19:002023-12-02 04:20:002023-12-02 04:21:002023-12-02 04:22:002023-12-02 04:23:002023-12-02 04:24:002023-12-02 04:25:002023-12-02 04:26:002023-12-02 04:27:002023-12-02 04:28:002023-12-02 04:29:002023-12-02 04:30:002023-12-02 04:31:002023-12-02 04:32:002023-12-02 04:33:002023-12-02 04:34:002023-12-02 04:35:002023-12-02 04:36:002023-12-02 04:37:002023-12-02 04:39:002023-12-02 04:40:002023-12-02 04:41:002023-12-02 04:42:002023-12-02 04:43:002023-12-02 04:44:002023-12-02 04:45:002023-12-02 04:46:002023-12-02 04:47:002023-12-02 04:48:002023-12-02 04:49:002023-12-02 04:50:002023-12-02 04:51:002023-12-02 04:52:002023-12-02 04:53:002023-12-02 04:54:002023-12-02 04:55:002023-12-02 04:56:002023-12-02 04:57:002023-12-02 04:58:002023-12-02 04:59:002023-12-02 05:00:002023-12-02 05:01:002023-12-02 05:02:002023-12-02 05:03:002023-12-02 05:04:002023-12-02 05:05:002023-12-02 05:06:002023-12-02 05:07:002023-12-02 05:08:002023-12-02 05:09:002023-12-02 05:10:002023-12-02 05:11:002023-12-02 05:12:002023-12-02 05:13:002023-12-02 05:14:002023-12-02 05:15:002023-12-02 05:16:002023-12-02 05:18:002023-12-02 05:19:002023-12-02 05:20:002023-12-02 05:21:002023-12-02 05:22:002023-12-02 05:23:002023-12-02 05:24:002023-12-02 05:25:002023-12-02 05:26:002023-12-02 05:27:002023-12-02 05:28:002023-12-02 05:29:002023-12-02 05:30:002023-12-02 05:31:002023-12-02 05:32:002023-12-02 05:33:002023-12-02 05:34:002023-12-02 05:35:002023-12-02 05:36:002023-12-02 05:37:002023-12-02 05:38:002023-12-02 05:39:002023-12-02 05:40:002023-12-02 05:41:002023-12-02 05:42:002023-12-02 05:43:002023-12-02 05:44:002023-12-02 05:45:002023-12-02 05:46:002023-12-02 05:47:002023-12-02 05:48:002023-12-02 05:49:002023-12-02 05:50:002023-12-02 05:51:002023-12-02 05:52:002023-12-02 05:53:002023-12-02 05:54:002023-12-02 05:55:002023-12-02 05:56:002023-12-02 05:57:002023-12-02 05:58:002023-12-02 05:59:002023-12-02 06:00:002023-12-02 06:01:002023-12-02 06:02:002023-12-02 06:03:002023-12-02 06:04:002023-12-02 06:05:012023-12-02 06:06:002023-12-02 06:07:002023-12-02 06:08:002023-12-02 06:09:002023-12-02 06:10:002023-12-02 06:11:002023-12-02 06:12:002023-12-02 06:13:002023-12-02 06:14:002023-12-02 06:15:002023-12-02 06:16:002023-12-02 06:17:002023-12-02 06:18:002023-12-02 06:19:002023-12-02 06:20:002023-12-02 06:21:002023-12-02 06:22:002023-12-02 06:23:002023-12-02 06:24:002023-12-02 06:25:002023-12-02 06:26:002023-12-02 06:27:002023-12-02 06:28:002023-12-02 06:29:002023-12-02 06:30:002023-12-02 06:31:002023-12-02 06:32:002023-12-02 06:33:002023-12-02 06:34:002023-12-02 06:35:002023-12-02 06:36:002023-12-02 06:37:002023-12-02 06:38:002023-12-02 06:39:002023-12-02 06:40:002023-12-02 06:41:002023-12-02 06:42:002023-12-02 06:43:002023-12-02 06:44:002023-12-02 06:45:002023-12-02 06:46:002023-12-02 06:47:002023-12-02 06:48:002023-12-02 06:49:002023-12-02 06:50:002023-12-02 06:51:002023-12-02 06:52:002023-12-02 06:53:002023-12-02 06:54:002023-12-02 06:55:002023-12-02 06:56:002023-12-02 06:57:002023-12-02 06:58:002023-12-02 06:59:002023-12-02 07:00:002023-12-02 07:01:002023-12-02 07:02:002023-12-02 07:03:002023-12-02 07:04:002023-12-02 07:05:002023-12-02 07:07:002023-12-02 07:08:002023-12-02 07:09:002023-12-02 07:10:002023-12-02 07:11:002023-12-02 07:12:002023-12-02 07:13:002023-12-02 07:14:002023-12-02 07:15:002023-12-02 07:16:002023-12-02 07:17:002023-12-02 07:18:002023-12-02 07:19:002023-12-02 07:20:002023-12-02 07:21:002023-12-02 07:22:002023-12-02 07:23:002023-12-02 07:24:002023-12-02 07:25:002023-12-02 07:26:002023-12-02 07:27:002023-12-02 07:28:002023-12-02 07:29:002023-12-02 07:30:002023-12-02 07:31:002023-12-02 07:32:002023-12-02 07:33:002023-12-02 07:34:002023-12-02 07:35:002023-12-02 07:36:002023-12-02 07:37:002023-12-02 07:38:002023-12-02 07:39:002023-12-02 07:40:002023-12-02 07:41:002023-12-02 07:42:002023-12-02 07:43:002023-12-02 07:44:002023-12-02 07:45:002023-12-02 07:46:002023-12-02 07:47:002023-12-02 07:48:002023-12-02 07:49:002023-12-02 07:50:002023-12-02 07:51:002023-12-02 07:53:002023-12-02 07:54:002023-12-02 07:55:002023-12-02 07:56:002023-12-02 07:57:002023-12-02 07:58:002023-12-02 07:59:002023-12-02 08:00:002023-12-02 08:01:002023-12-02 08:02:002023-12-02 08:03:002023-12-02 08:04:002023-12-02 08:05:012023-12-02 08:06:002023-12-02 08:07:002023-12-02 08:08:002023-12-02 08:09:002023-12-02 08:10:002023-12-02 08:11:002023-12-02 08:12:002023-12-02 08:13:002023-12-02 08:14:002023-12-02 08:15:002023-12-02 08:16:002023-12-02 08:17:002023-12-02 08:18:002023-12-02 08:19:002023-12-02 08:20:002023-12-02 08:21:002023-12-02 08:22:002023-12-02 08:23:002023-12-02 08:24:002023-12-02 08:25:002023-12-02 08:26:002023-12-02 08:27:002023-12-02 08:28:002023-12-02 08:29:002023-12-02 08:30:002023-12-02 08:32:002023-12-02 08:33:002023-12-02 08:34:002023-12-02 08:35:002023-12-02 08:36:002023-12-02 08:37:002023-12-02 08:38:002023-12-02 08:39:002023-12-02 08:40:002023-12-02 08:41:002023-12-02 08:42:002023-12-02 08:43:002023-12-02 08:44:002023-12-02 08:45:002023-12-02 08:46:002023-12-02 08:47:002023-12-02 08:48:002023-12-02 08:49:002023-12-02 08:50:002023-12-02 08:51:002023-12-02 08:52:002023-12-02 08:53:002023-12-02 08:54:002023-12-02 08:55:002023-12-02 08:56:002023-12-02 08:57:002023-12-02 08:59:002023-12-02 09:00:002023-12-02 09:01:002023-12-02 09:02:002023-12-02 09:03:002023-12-02 09:04:002023-12-02 09:05:002023-12-02 09:06:002023-12-02 09:07:002023-12-02 09:08:002023-12-02 09:09:002023-12-02 09:10:002023-12-02 09:11:002023-12-02 09:12:002023-12-02 09:13:002023-12-02 09:14:002023-12-02 09:15:002023-12-02 09:16:002023-12-02 09:17:002023-12-02 09:18:002023-12-02 09:19:002023-12-02 09:20:002023-12-02 09:21:002023-12-02 09:22:002023-12-02 09:23:002023-12-02 09:24:002023-12-02 09:25:002023-12-02 09:26:002023-12-02 09:27:002023-12-02 09:28:002023-12-02 09:29:002023-12-02 09:30:002023-12-02 09:31:002023-12-02 09:32:002023-12-02 09:33:002023-12-02 09:34:002023-12-02 09:35:002023-12-02 09:36:002023-12-02 09:37:002023-12-02 09:38:002023-12-02 09:39:002023-12-02 09:40:002023-12-02 09:41:002023-12-02 09:42:002023-12-02 09:43:002023-12-02 09:44:002023-12-02 09:45:002023-12-02 09:46:002023-12-02 09:47:002023-12-02 09:48:002023-12-02 09:49:002023-12-02 09:50:002023-12-02 09:51:012023-12-02 09:52:002023-12-02 09:53:002023-12-02 09:54:002023-12-02 09:55:002023-12-02 09:56:002023-12-02 09:58:002023-12-02 09:59:002023-12-02 10:00:002023-12-02 10:01:002023-12-02 10:02:002023-12-02 10:03:002023-12-02 10:04:002023-12-02 10:05:002023-12-02 10:06:002023-12-02 10:07:002023-12-02 10:08:002023-12-02 10:09:002023-12-02 10:10:002023-12-02 10:11:002023-12-02 10:12:002023-12-02 10:13:002023-12-02 10:14:002023-12-02 10:15:002023-12-02 10:16:002023-12-02 10:17:002023-12-02 10:18:002023-12-02 10:19:002023-12-02 10:20:002023-12-02 10:21:002023-12-02 10:22:002023-12-02 10:23:002023-12-02 10:24:002023-12-02 10:25:002023-12-02 10:26:002023-12-02 10:27:002023-12-02 10:28:002023-12-02 10:29:002023-12-02 10:30:002023-12-02 10:31:002023-12-02 10:32:002023-12-02 10:33:002023-12-02 10:34:002023-12-02 10:35:002023-12-02 10:36:002023-12-02 10:37:002023-12-02 10:38:002023-12-02 10:39:002023-12-02 10:40:002023-12-02 10:41:002023-12-02 10:42:002023-12-02 10:43:002023-12-02 10:44:002023-12-02 10:45:002023-12-02 10:46:002023-12-02 10:47:002023-12-02 10:48:002023-12-02 10:49:012023-12-02 10:50:002023-12-02 10:51:002023-12-02 10:52:002023-12-02 10:53:002023-12-02 10:54:002023-12-02 10:55:002023-12-02 10:56:002023-12-02 10:57:002023-12-02 10:58:002023-12-02 10:59:002023-12-02 11:00:002023-12-02 11:01:002023-12-02 11:02:002023-12-02 11:03:002023-12-02 11:04:002023-12-02 11:05:002023-12-02 11:06:002023-12-02 11:07:002023-12-02 11:08:002023-12-02 11:09:002023-12-02 11:10:002023-12-02 11:11:002023-12-02 11:56:002023-12-02 11:57:002023-12-02 11:58:002023-12-02 11:59:002023-12-02 12:00:002023-12-02 12:01:002023-12-02 12:02:002023-12-02 12:03:002023-12-02 12:04:002023-12-02 12:05:002023-12-02 12:06:012023-12-02 13:01:012023-12-02 13:56:002023-12-02 16:05:012023-12-02 16:45:012023-12-02 16:46:012023-12-02 16:47:012023-12-02 16:48:012023-12-02 16:49:012023-12-02 16:50:012023-12-02 16:51:012023-12-02 16:52:012023-12-02 16:53:002023-12-02 16:54:002023-12-02 16:55:002023-12-02 16:56:002023-12-02 16:57:002023-12-02 16:58:002023-12-02 16:59:002023-12-02 17:00:002023-12-02 17:01:002023-12-02 17:02:002023-12-02 17:03:002023-12-02 17:04:002023-12-02 17:05:002023-12-02 17:06:002023-12-02 17:07:002023-12-02 17:08:002023-12-02 17:09:002023-12-02 17:10:002023-12-02 17:11:002023-12-02 17:12:002023-12-02 17:13:002023-12-02 17:14:002023-12-02 17:15:002023-12-02 17:16:002023-12-02 17:17:002023-12-02 17:18:002023-12-02 17:19:002023-12-02 17:20:002023-12-02 17:21:002023-12-02 17:22:002023-12-02 17:23:002023-12-02 17:24:002023-12-02 17:25:002023-12-02 17:26:002023-12-02 17:27:002023-12-02 17:28:002023-12-02 17:29:002023-12-02 17:30:002023-12-02 17:31:002023-12-02 17:32:002023-12-02 17:33:002023-12-02 17:34:002023-12-02 17:35:002023-12-02 17:36:002023-12-02 17:37:002023-12-02 17:38:002023-12-02 17:39:002023-12-02 17:40:002023-12-02 17:41:002023-12-02 17:42:002023-12-02 17:43:002023-12-02 17:44:002023-12-02 17:45:002023-12-02 17:46:002023-12-02 17:47:002023-12-02 17:48:002023-12-02 17:49:002023-12-02 17:50:002023-12-02 17:51:002023-12-02 17:52:002023-12-02 17:53:002023-12-02 17:54:002023-12-02 17:55:002023-12-02 17:56:002023-12-02 17:57:002023-12-02 17:58:002023-12-02 17:59:002023-12-02 18:00:002023-12-02 18:01:002023-12-02 18:02:002023-12-02 18:03:002023-12-02 18:04:002023-12-02 18:05:002023-12-02 18:06:002023-12-02 18:07:002023-12-02 18:08:002023-12-02 18:09:002023-12-02 18:10:002023-12-02 18:11:002023-12-02 18:12:002023-12-02 18:13:002023-12-02 18:14:002023-12-02 18:15:002023-12-02 18:16:002023-12-02 18:17:002023-12-02 18:18:002023-12-02 18:19:002023-12-02 18:20:002023-12-02 18:21:002023-12-02 18:22:002023-12-02 18:23:002023-12-02 18:24:002023-12-02 18:25:002023-12-02 18:26:002023-12-02 18:27:002023-12-02 18:28:002023-12-02 18:29:002023-12-02 18:30:002023-12-02 18:31:002023-12-02 18:32:002023-12-02 18:33:002023-12-02 18:34:002023-12-02 18:35:002023-12-02 18:36:012023-12-02 18:37:002023-12-02 18:38:002023-12-02 18:39:002023-12-02 18:40:002023-12-02 18:41:002023-12-02 18:42:002023-12-02 18:43:002023-12-02 18:44:002023-12-02 18:45:002023-12-02 18:46:002023-12-02 18:47:002023-12-02 18:48:002023-12-02 18:49:002023-12-02 18:50:002023-12-02 18:51:002023-12-02 18:52:002023-12-02 18:53:002023-12-02 18:54:002023-12-02 18:55:002023-12-02 18:56:002023-12-02 22:05:002023-12-02 22:06:002023-12-02 22:08:102023-12-02 22:09:002023-12-02 22:10:002023-12-02 22:11:002023-12-02 22:12:012023-12-02 22:13:002023-12-02 22:14:002023-12-02 22:15:002023-12-02 22:16:002023-12-02 22:17:002023-12-02 22:18:002023-12-02 22:19:002023-12-02 22:20:002023-12-02 22:21:002023-12-02 22:22:002023-12-03 23:51:552023-12-03 23:53:062023-12-03 23:53:312023-12-22 15:31:022023-12-22 15:31:582023-12-22 15:33:512023-12-22 15:34:132023-12-22 15:34:332023-12-22 15:34:452023-12-22 15:35:132023-12-22 15:39:172023-12-22 15:40:522023-12-22 15:41:122023-12-22 15:42:182023-12-22 15:42:322023-12-22 15:52:24