
   InvalidArgumentException 

  View [email.admin-analytics-report] not found.

  at vendor/laravel/framework/src/Illuminate/View/FileViewFinder.php:137
    133▕                 }
    134▕             }
    135▕         }
    136▕ 
  ➜ 137▕         throw new InvalidArgumentException("View [{$name}] not found.");
    138▕     }
    139▕ 
    140▕     /**
    141▕      * Get an array of possible view files.

  i   email.admin-analytics-report was not found: Did you mean `emails.admin-analytics-report`? 

      [2m+11 vendor frames [22m

  12  app/Http/Controllers/MailSenderController.php:14
      Illuminate\Mail\PendingMail::send()

  13  app/Console/Commands/SendAdminAnalyticsReport.php:32
      App\Http\Controllers\MailSenderController::sendAdminAnalyticsReport()


   InvalidArgumentException 

  View [email.admin-analytics-report] not found.

  at vendor/laravel/framework/src/Illuminate/View/FileViewFinder.php:137
    133▕                 }
    134▕             }
    135▕         }
    136▕ 
  ➜ 137▕         throw new InvalidArgumentException("View [{$name}] not found.");
    138▕     }
    139▕ 
    140▕     /**
    141▕      * Get an array of possible view files.

  i   email.admin-analytics-report was not found: Did you mean `emails.admin-analytics-report`? 

      [2m+11 vendor frames [22m

  12  app/Http/Controllers/MailSenderController.php:14
      Illuminate\Mail\PendingMail::send()

  13  app/Console/Commands/SendAdminAnalyticsReport.php:32
      App\Http\Controllers\MailSenderController::sendAdminAnalyticsReport()


   InvalidArgumentException 

  View [email.admin-analytics-report] not found.

  at vendor/laravel/framework/src/Illuminate/View/FileViewFinder.php:137
    133▕                 }
    134▕             }
    135▕         }
    136▕ 
  ➜ 137▕         throw new InvalidArgumentException("View [{$name}] not found.");
    138▕     }
    139▕ 
    140▕     /**
    141▕      * Get an array of possible view files.

  i   email.admin-analytics-report was not found: Did you mean `emails.admin-analytics-report`? 

      [2m+11 vendor frames [22m

  12  app/Http/Controllers/MailSenderController.php:14
      Illuminate\Mail\PendingMail::send()

  13  app/Console/Commands/SendAdminAnalyticsReport.php:32
      App\Http\Controllers\MailSenderController::sendAdminAnalyticsReport()


   InvalidArgumentException 

  View [email.admin-analytics-report] not found.

  at vendor/laravel/framework/src/Illuminate/View/FileViewFinder.php:137
    133▕                 }
    134▕             }
    135▕         }
    136▕ 
  ➜ 137▕         throw new InvalidArgumentException("View [{$name}] not found.");
    138▕     }
    139▕ 
    140▕     /**
    141▕      * Get an array of possible view files.

  i   email.admin-analytics-report was not found: Did you mean `emails.admin-analytics-report`? 

      [2m+11 vendor frames [22m

  12  app/Http/Controllers/MailSenderController.php:14
      Illuminate\Mail\PendingMail::send()

  13  app/Console/Commands/SendAdminAnalyticsReport.php:32
      App\Http\Controllers\MailSenderController::sendAdminAnalyticsReport()


   InvalidArgumentException 

  View [email.admin-analytics-report] not found.

  at vendor/laravel/framework/src/Illuminate/View/FileViewFinder.php:137
    133▕                 }
    134▕             }
    135▕         }
    136▕ 
  ➜ 137▕         throw new InvalidArgumentException("View [{$name}] not found.");
    138▕     }
    139▕ 
    140▕     /**
    141▕      * Get an array of possible view files.

  i   email.admin-analytics-report was not found: Did you mean `emails.admin-analytics-report`? 

      [2m+11 vendor frames [22m

  12  app/Http/Controllers/MailSenderController.php:14
      Illuminate\Mail\PendingMail::send()

  13  app/Console/Commands/SendAdminAnalyticsReport.php:32
      App\Http\Controllers\MailSenderController::sendAdminAnalyticsReport()


   InvalidArgumentException 

  View [email.admin-analytics-report] not found.

  at vendor/laravel/framework/src/Illuminate/View/FileViewFinder.php:137
    133▕                 }
    134▕             }
    135▕         }
    136▕ 
  ➜ 137▕         throw new InvalidArgumentException("View [{$name}] not found.");
    138▕     }
    139▕ 
    140▕     /**
    141▕      * Get an array of possible view files.

  i   email.admin-analytics-report was not found: Did you mean `emails.admin-analytics-report`? 

      [2m+11 vendor frames [22m

  12  app/Http/Controllers/MailSenderController.php:14
      Illuminate\Mail\PendingMail::send()

  13  app/Console/Commands/SendAdminAnalyticsReport.php:32
      App\Http\Controllers\MailSenderController::sendAdminAnalyticsReport()


   InvalidArgumentException 

  View [email.admin-analytics-report] not found.

  at vendor/laravel/framework/src/Illuminate/View/FileViewFinder.php:137
    133▕                 }
    134▕             }
    135▕         }
    136▕ 
  ➜ 137▕         throw new InvalidArgumentException("View [{$name}] not found.");
    138▕     }
    139▕ 
    140▕     /**
    141▕      * Get an array of possible view files.

  i   email.admin-analytics-report was not found: Did you mean `emails.admin-analytics-report`? 

      [2m+11 vendor frames [22m

  12  app/Http/Controllers/MailSenderController.php:14
      Illuminate\Mail\PendingMail::send()

  13  app/Console/Commands/SendAdminAnalyticsReport.php:32
      App\Http\Controllers\MailSenderController::sendAdminAnalyticsReport()


   InvalidArgumentException 

  View [email.admin-analytics-report] not found.

  at vendor/laravel/framework/src/Illuminate/View/FileViewFinder.php:137
    133▕                 }
    134▕             }
    135▕         }
    136▕ 
  ➜ 137▕         throw new InvalidArgumentException("View [{$name}] not found.");
    138▕     }
    139▕ 
    140▕     /**
    141▕      * Get an array of possible view files.

  i   email.admin-analytics-report was not found: Did you mean `emails.admin-analytics-report`? 

      [2m+11 vendor frames [22m

  12  app/Http/Controllers/MailSenderController.php:14
      Illuminate\Mail\PendingMail::send()

  13  app/Console/Commands/SendAdminAnalyticsReport.php:32
      App\Http\Controllers\MailSenderController::sendAdminAnalyticsReport()


   InvalidArgumentException 

  View [email.admin-analytics-report] not found.

  at vendor/laravel/framework/src/Illuminate/View/FileViewFinder.php:137
    133▕                 }
    134▕             }
    135▕         }
    136▕ 
  ➜ 137▕         throw new InvalidArgumentException("View [{$name}] not found.");
    138▕     }
    139▕ 
    140▕     /**
    141▕      * Get an array of possible view files.

  i   email.admin-analytics-report was not found: Did you mean `emails.admin-analytics-report`? 

      [2m+11 vendor frames [22m

  12  app/Http/Controllers/MailSenderController.php:14
      Illuminate\Mail\PendingMail::send()

  13  app/Console/Commands/SendAdminAnalyticsReport.php:32
      App\Http\Controllers\MailSenderController::sendAdminAnalyticsReport()


   InvalidArgumentException 

  View [email.admin-analytics-report] not found.

  at vendor/laravel/framework/src/Illuminate/View/FileViewFinder.php:137
    133▕                 }
    134▕             }
    135▕         }
    136▕ 
  ➜ 137▕         throw new InvalidArgumentException("View [{$name}] not found.");
    138▕     }
    139▕ 
    140▕     /**
    141▕      * Get an array of possible view files.

  i   email.admin-analytics-report was not found: Did you mean `emails.admin-analytics-report`? 

      [2m+11 vendor frames [22m

  12  app/Http/Controllers/MailSenderController.php:14
      Illuminate\Mail\PendingMail::send()

  13  app/Console/Commands/SendAdminAnalyticsReport.php:32
      App\Http\Controllers\MailSenderController::sendAdminAnalyticsReport()


   InvalidArgumentException 

  View [email.admin-analytics-report] not found.

  at vendor/laravel/framework/src/Illuminate/View/FileViewFinder.php:137
    133▕                 }
    134▕             }
    135▕         }
    136▕ 
  ➜ 137▕         throw new InvalidArgumentException("View [{$name}] not found.");
    138▕     }
    139▕ 
    140▕     /**
    141▕      * Get an array of possible view files.

  i   email.admin-analytics-report was not found: Did you mean `emails.admin-analytics-report`? 

      [2m+11 vendor frames [22m

  12  app/Http/Controllers/MailSenderController.php:14
      Illuminate\Mail\PendingMail::send()

  13  app/Console/Commands/SendAdminAnalyticsReport.php:32
      App\Http\Controllers\MailSenderController::sendAdminAnalyticsReport()

Top Sending admin analytics report to Top Sending admin analytics report to 